# JRE version: Java(TM) SE Runtime Environment (8.0_144-b01) (build 1.8.0_144-b01)
# Java VM: Java HotSpot(TM) Client VM (25.144-b01 mixed mode windows-x86 )
Heap:
 def new generation   total 21696K, used 21696K [0x04600000, 0x05d80000, 0x19b50000)
  eden space 19328K, 100% used [0x04600000, 0x058e0000, 0x058e0000)
  from space 2368K, 100% used [0x05b30000, 0x05d80000, 0x05d80000)
  to   space 2368K, 100% used [0x058e0000, 0x05b30000, 0x05b30000)
 tenured generation   total 52008K, used 52007K [0x19b50000, 0x1ce1a000, 0x44600000)
   the space 52008K,  99% used [0x19b50000, 0x1ce19d28, 0x1ce19e00, 0x1ce1a000)
 Metaspace       used 3355K, capacity 3462K, committed 3520K, reserved 4480K
GC Heap History (10 events):
Event: 8.747 GC heap after
Heap after GC invocations=21 (full 4):
 def new generation   total 21696K, used 2368K [0x04600000, 0x05d80000, 0x19b50000)
  eden space 19328K,   0% used [0x04600000, 0x04600000, 0x058e0000)
  from space 2368K, 100% used [0x058e0000, 0x05b30000, 0x05b30000)
  to   space 2368K,   0% used [0x05b30000, 0x05b30000, 0x05d80000)
 tenured generation   total 48044K, used 41814K [0x19b50000, 0x1ca3b000, 0x44600000)
   the space 48044K,  87% used [0x19b50000, 0x1c425948, 0x1c425a00, 0x1ca3b000)
 Metaspace       used 3355K, capacity 3462K, committed 3520K, reserved 4480K
}
Event: 9.257 GC heap before
{Heap before GC invocations=21 (full 4):
 def new generation   total 21696K, used 21696K [0x04600000, 0x05d80000, 0x19b50000)
  eden space 19328K, 100% used [0x04600000, 0x058e0000, 0x058e0000)
  from space 2368K, 100% used [0x058e0000, 0x05b30000, 0x05b30000)
  to   space 2368K,   0% used [0x05b30000, 0x05b30000, 0x05d80000)
 tenured generation   total 48044K, used 41814K [0x19b50000, 0x1ca3b000, 0x44600000)
   the space 48044K,  87% used [0x19b50000, 0x1c425948, 0x1c425a00, 0x1ca3b000)
 Metaspace       used 3355K, capacity 3462K, committed 3520K, reserved 4480K
Event: 9.558 GC heap after
Heap after GC invocations=22 (full 5):
 def new generation   total 21696K, used 0K [0x04600000, 0x05d80000, 0x19b50000)
  eden space 19328K,   0% used [0x04600000, 0x04600000, 0x058e0000)
  from space 2368K,   0% used [0x05b30000, 0x05b30000, 0x05d80000)
  to   space 2368K,   0% used [0x058e0000, 0x058e0000, 0x05b30000)
 tenured generation   total 48044K, used 27415K [0x19b50000, 0x1ca3b000, 0x44600000)
   the space 48044K,  57% used [0x19b50000, 0x1b615df8, 0x1b615e00, 0x1ca3b000)
 Metaspace       used 3355K, capacity 3462K, committed 3520K, reserved 4480K
}
Event: 9.910 GC heap before
{Heap before GC invocations=22 (full 5):
 def new generation   total 21696K, used 19328K [0x04600000, 0x05d80000, 0x19b50000)
  eden space 19328K, 100% used [0x04600000, 0x058e0000, 0x058e0000)
  from space 2368K,   0% used [0x05b30000, 0x05b30000, 0x05d80000)
  to   space 2368K,   0% used [0x058e0000, 0x058e0000, 0x05b30000)
 tenured generation   total 48044K, used 27415K [0x19b50000, 0x1ca3b000, 0x44600000)
   the space 48044K,  57% used [0x19b50000, 0x1b615df8, 0x1b615e00, 0x1ca3b000)
 Metaspace       used 3355K, capacity 3462K, committed 3520K, reserved 4480K
Event: 9.937 GC heap after
Heap after GC invocations=23 (full 5):
 def new generation   total 21696K, used 2368K [0x04600000, 0x05d80000, 0x19b50000)
  eden space 19328K,   0% used [0x04600000, 0x04600000, 0x058e0000)
  from space 2368K, 100% used [0x058e0000, 0x05b30000, 0x05b30000)
  to   space 2368K,   0% used [0x05b30000, 0x05b30000, 0x05d80000)
 tenured generation   total 48044K, used 29365K [0x19b50000, 0x1ca3b000, 0x44600000)
   the space 48044K,  61% used [0x19b50000, 0x1b7fd400, 0x1b7fd400, 0x1ca3b000)
 Metaspace       used 3355K, capacity 3462K, committed 3520K, reserved 4480K
}
Event: 10.451 GC heap before
{Heap before GC invocations=23 (full 5):
 def new generation   total 21696K, used 21696K [0x04600000, 0x05d80000, 0x19b50000)
  eden space 19328K, 100% used [0x04600000, 0x058e0000, 0x058e0000)
  from space 2368K, 100% used [0x058e0000, 0x05b30000, 0x05b30000)
  to   space 2368K,   0% used [0x05b30000, 0x05b30000, 0x05d80000)
 tenured generation   total 48044K, used 29365K [0x19b50000, 0x1ca3b000, 0x44600000)
   the space 48044K,  61% used [0x19b50000, 0x1b7fd400, 0x1b7fd400, 0x1ca3b000)
 Metaspace       used 3355K, capacity 3462K, committed 3520K, reserved 4480K
Event: 10.506 GC heap after
Heap after GC invocations=24 (full 5):
 def new generation   total 21696K, used 2368K [0x04600000, 0x05d80000, 0x19b50000)
  eden space 19328K,   0% used [0x04600000, 0x04600000, 0x058e0000)
  from space 2368K, 100% used [0x05b30000, 0x05d80000, 0x05d80000)
  to   space 2368K,   0% used [0x058e0000, 0x058e0000, 0x05b30000)
 tenured generation   total 48044K, used 36915K [0x19b50000, 0x1ca3b000, 0x44600000)
   the space 48044K,  76% used [0x19b50000, 0x1bf5ccc8, 0x1bf5ce00, 0x1ca3b000)
 Metaspace       used 3355K, capacity 3462K, committed 3520K, reserved 4480K
}
Event: 11.646 GC heap before
{Heap before GC invocations=24 (full 5):
 def new generation   total 21696K, used 21696K [0x04600000, 0x05d80000, 0x19b50000)
  eden space 19328K, 100% used [0x04600000, 0x058e0000, 0x058e0000)
  from space 2368K, 100% used [0x05b30000, 0x05d80000, 0x05d80000)
  to   space 2368K,   0% used [0x058e0000, 0x058e0000, 0x05b30000)
 tenured generation   total 48044K, used 36915K [0x19b50000, 0x1ca3b000, 0x44600000)
   the space 48044K,  76% used [0x19b50000, 0x1bf5ccc8, 0x1bf5ce00, 0x1ca3b000)
 Metaspace       used 3355K, capacity 3462K, committed 3520K, reserved 4480K
Event: 11.696 GC heap after
Heap after GC invocations=25 (full 5):
 def new generation   total 21696K, used 2368K [0x04600000, 0x05d80000, 0x19b50000)
  eden space 19328K,   0% used [0x04600000, 0x04600000, 0x058e0000)
  from space 2368K, 100% used [0x058e0000, 0x05b30000, 0x05b30000)
  to   space 2368K,   0% used [0x05b30000, 0x05b30000, 0x05d80000)
 tenured generation   total 48044K, used 42559K [0x19b50000, 0x1ca3b000, 0x44600000)
   the space 48044K,  88% used [0x19b50000, 0x1c4dfd90, 0x1c4dfe00, 0x1ca3b000)
 Metaspace       used 3355K, capacity 3462K, committed 3520K, reserved 4480K
}
Event: 11.995 GC heap before
{Heap before GC invocations=25 (full 5):
 def new generation   total 21696K, used 21696K [0x04600000, 0x05d80000, 0x19b50000)
  eden space 19328K, 100% used [0x04600000, 0x058e0000, 0x058e0000)
  from space 2368K, 100% used [0x058e0000, 0x05b30000, 0x05b30000)
  to   space 2368K,   0% used [0x05b30000, 0x05b30000, 0x05d80000)
 tenured generation   total 48044K, used 42559K [0x19b50000, 0x1ca3b000, 0x44600000)
   the space 48044K,  88% used [0x19b50000, 0x1c4dfd90, 0x1c4dfe00, 0x1ca3b000)
 Metaspace       used 3355K, capacity 3462K, committed 3520K, reserved 4480K

