# JRE version: Java(TM) SE Runtime Environment (8.0_144-b01) (build 1.8.0_144-b01)
# Java VM: Java HotSpot(TM) Client VM (25.144-b01 mixed mode windows-x86 )
Heap:
 def new generation   total 53440K, used 53440K [0x04600000, 0x07ff0000, 0x19b50000)
  eden space 47552K, 100% used [0x04600000, 0x07470000, 0x07470000)
  from space 5888K, 100% used [0x07a30000, 0x07ff0000, 0x07ff0000)
  to   space 5888K, 100% used [0x07470000, 0x07a30000, 0x07a30000)
 tenured generation   total 145144K, used 145141K [0x19b50000, 0x2290e000, 0x44600000)
   the space 145144K,  99% used [0x19b50000, 0x2290d6a8, 0x2290d800, 0x2290e000)
 Metaspace       used 3409K, capacity 3494K, committed 3520K, reserved 4480K
GC Heap History (10 events):
Event: 12.342 GC heap after
Heap after GC invocations=40 (full 9):
 def new generation   total 53440K, used 5888K [0x04600000, 0x07ff0000, 0x19b50000)
  eden space 47552K,   0% used [0x04600000, 0x04600000, 0x07470000)
  from space 5888K, 100% used [0x07470000, 0x07a30000, 0x07a30000)
  to   space 5888K,   0% used [0x07a30000, 0x07a30000, 0x07ff0000)
 tenured generation   total 133876K, used 125980K [0x19b50000, 0x21e0d000, 0x44600000)
   the space 133876K,  94% used [0x19b50000, 0x216571b0, 0x21657200, 0x21e0d000)
 Metaspace       used 3392K, capacity 3462K, committed 3520K, reserved 4480K
}
Event: 12.609 GC heap before
{Heap before GC invocations=40 (full 9):
 def new generation   total 53440K, used 53440K [0x04600000, 0x07ff0000, 0x19b50000)
  eden space 47552K, 100% used [0x04600000, 0x07470000, 0x07470000)
  from space 5888K, 100% used [0x07470000, 0x07a30000, 0x07a30000)
  to   space 5888K,   0% used [0x07a30000, 0x07a30000, 0x07ff0000)
 tenured generation   total 133876K, used 125980K [0x19b50000, 0x21e0d000, 0x44600000)
   the space 133876K,  94% used [0x19b50000, 0x216571b0, 0x21657200, 0x21e0d000)
 Metaspace       used 3394K, capacity 3494K, committed 3520K, reserved 4480K
Event: 13.460 GC heap after
Heap after GC invocations=41 (full 10):
 def new generation   total 53440K, used 0K [0x04600000, 0x07ff0000, 0x19b50000)
  eden space 47552K,   0% used [0x04600000, 0x04600000, 0x07470000)
  from space 5888K,   0% used [0x07a30000, 0x07a30000, 0x07ff0000)
  to   space 5888K,   0% used [0x07470000, 0x07470000, 0x07a30000)
 tenured generation   total 141172K, used 94929K [0x19b50000, 0x2252d000, 0x44600000)
   the space 141172K,  67% used [0x19b50000, 0x1f8046e0, 0x1f804800, 0x2252d000)
 Metaspace       used 3394K, capacity 3494K, committed 3520K, reserved 4480K
}
Event: 13.782 GC heap before
{Heap before GC invocations=41 (full 10):
 def new generation   total 53440K, used 47552K [0x04600000, 0x07ff0000, 0x19b50000)
  eden space 47552K, 100% used [0x04600000, 0x07470000, 0x07470000)
  from space 5888K,   0% used [0x07a30000, 0x07a30000, 0x07ff0000)
  to   space 5888K,   0% used [0x07470000, 0x07470000, 0x07a30000)
 tenured generation   total 141172K, used 94929K [0x19b50000, 0x2252d000, 0x44600000)
   the space 141172K,  67% used [0x19b50000, 0x1f8046e0, 0x1f804800, 0x2252d000)
 Metaspace       used 3405K, capacity 3494K, committed 3520K, reserved 4480K
Event: 13.861 GC heap after
Heap after GC invocations=42 (full 10):
 def new generation   total 53440K, used 5888K [0x04600000, 0x07ff0000, 0x19b50000)
  eden space 47552K,   0% used [0x04600000, 0x04600000, 0x07470000)
  from space 5888K, 100% used [0x07470000, 0x07a30000, 0x07a30000)
  to   space 5888K,   0% used [0x07a30000, 0x07a30000, 0x07ff0000)
 tenured generation   total 141172K, used 104590K [0x19b50000, 0x2252d000, 0x44600000)
   the space 141172K,  74% used [0x19b50000, 0x20173b08, 0x20173c00, 0x2252d000)
 Metaspace       used 3405K, capacity 3494K, committed 3520K, reserved 4480K
}
Event: 14.213 GC heap before
{Heap before GC invocations=42 (full 10):
 def new generation   total 53440K, used 53440K [0x04600000, 0x07ff0000, 0x19b50000)
  eden space 47552K, 100% used [0x04600000, 0x07470000, 0x07470000)
  from space 5888K, 100% used [0x07470000, 0x07a30000, 0x07a30000)
  to   space 5888K,   0% used [0x07a30000, 0x07a30000, 0x07ff0000)
 tenured generation   total 141172K, used 104590K [0x19b50000, 0x2252d000, 0x44600000)
   the space 141172K,  74% used [0x19b50000, 0x20173b08, 0x20173c00, 0x2252d000)
 Metaspace       used 3405K, capacity 3494K, committed 3520K, reserved 4480K
Event: 14.317 GC heap after
Heap after GC invocations=43 (full 10):
 def new generation   total 53440K, used 5888K [0x04600000, 0x07ff0000, 0x19b50000)
  eden space 47552K,   0% used [0x04600000, 0x04600000, 0x07470000)
  from space 5888K, 100% used [0x07a30000, 0x07ff0000, 0x07ff0000)
  to   space 5888K,   0% used [0x07470000, 0x07470000, 0x07a30000)
 tenured generation   total 141172K, used 115630K [0x19b50000, 0x2252d000, 0x44600000)
   the space 141172K,  81% used [0x19b50000, 0x20c3baa8, 0x20c3bc00, 0x2252d000)
 Metaspace       used 3405K, capacity 3494K, committed 3520K, reserved 4480K
}
Event: 14.541 GC heap before
{Heap before GC invocations=43 (full 10):
 def new generation   total 53440K, used 53440K [0x04600000, 0x07ff0000, 0x19b50000)
  eden space 47552K, 100% used [0x04600000, 0x07470000, 0x07470000)
  from space 5888K, 100% used [0x07a30000, 0x07ff0000, 0x07ff0000)
  to   space 5888K,   0% used [0x07470000, 0x07470000, 0x07a30000)
 tenured generation   total 141172K, used 115630K [0x19b50000, 0x2252d000, 0x44600000)
   the space 141172K,  81% used [0x19b50000, 0x20c3baa8, 0x20c3bc00, 0x2252d000)
 Metaspace       used 3405K, capacity 3494K, committed 3520K, reserved 4480K
Event: 14.624 GC heap after
Heap after GC invocations=44 (full 10):
 def new generation   total 53440K, used 5888K [0x04600000, 0x07ff0000, 0x19b50000)
  eden space 47552K,   0% used [0x04600000, 0x04600000, 0x07470000)
  from space 5888K, 100% used [0x07470000, 0x07a30000, 0x07a30000)
  to   space 5888K,   0% used [0x07a30000, 0x07a30000, 0x07ff0000)
 tenured generation   total 141172K, used 129372K [0x19b50000, 0x2252d000, 0x44600000)
   the space 141172K,  91% used [0x19b50000, 0x219a7308, 0x219a7400, 0x2252d000)
 Metaspace       used 3405K, capacity 3494K, committed 3520K, reserved 4480K
}
Event: 14.898 GC heap before
{Heap before GC invocations=44 (full 10):
 def new generation   total 53440K, used 53440K [0x04600000, 0x07ff0000, 0x19b50000)
  eden space 47552K, 100% used [0x04600000, 0x07470000, 0x07470000)
  from space 5888K, 100% used [0x07470000, 0x07a30000, 0x07a30000)
  to   space 5888K,   0% used [0x07a30000, 0x07a30000, 0x07ff0000)
 tenured generation   total 141172K, used 129372K [0x19b50000, 0x2252d000, 0x44600000)
   the space 141172K,  91% used [0x19b50000, 0x219a7308, 0x219a7400, 0x2252d000)
 Metaspace       used 3409K, capacity 3494K, committed 3520K, reserved 4480K

