# JRE version: Java(TM) SE Runtime Environment (8.0_131-b11) (build 1.8.0_131-b11)
# Java VM: Java HotSpot(TM) Client VM (25.131-b11 mixed mode windows-x86 )
Heap:
 def new generation   total 5184K, used 576K [0x04000000, 0x045a0000, 0x19550000)
  eden space 4608K,   0% used [0x04000000, 0x04000000, 0x04480000)
  from space 576K, 100% used [0x04480000, 0x04510000, 0x04510000)
  to   space 576K,   0% used [0x04510000, 0x04510000, 0x045a0000)
 tenured generation   total 12352K, used 12263K [0x19550000, 0x1a160000, 0x44000000)
   the space 12352K,  99% used [0x19550000, 0x1a149e50, 0x1a14a000, 0x1a160000)
 Metaspace       used 3487K, capacity 3534K, committed 3648K, reserved 4480K
GC Heap History (10 events):
Event: 4.501 GC heap after
Heap after GC invocations=14 (full 0):
 def new generation   total 4928K, used 19K [0x04000000, 0x04550000, 0x19550000)
  eden space 4416K,   0% used [0x04000000, 0x04000000, 0x04450000)
  from space 512K,   3% used [0x04450000, 0x04454d78, 0x044d0000)
  to   space 512K,   0% used [0x044d0000, 0x044d0000, 0x04550000)
 tenured generation   total 11200K, used 11079K [0x19550000, 0x1a040000, 0x44000000)
   the space 11200K,  98% used [0x19550000, 0x1a021c80, 0x1a021e00, 0x1a040000)
 Metaspace       used 3485K, capacity 3534K, committed 3648K, reserved 4480K
}
Event: 4.561 GC heap before
{Heap before GC invocations=14 (full 0):
 def new generation   total 4928K, used 4435K [0x04000000, 0x04550000, 0x19550000)
  eden space 4416K, 100% used [0x04000000, 0x04450000, 0x04450000)
  from space 512K,   3% used [0x04450000, 0x04454d78, 0x044d0000)
  to   space 512K,   0% used [0x044d0000, 0x044d0000, 0x04550000)
 tenured generation   total 11200K, used 11079K [0x19550000, 0x1a040000, 0x44000000)
   the space 11200K,  98% used [0x19550000, 0x1a021c80, 0x1a021e00, 0x1a040000)
 Metaspace       used 3487K, capacity 3534K, committed 3648K, reserved 4480K
Event: 4.687 GC heap after
Heap after GC invocations=15 (full 1):
 def new generation   total 5184K, used 0K [0x04000000, 0x045a0000, 0x19550000)
  eden space 4608K,   0% used [0x04000000, 0x04000000, 0x04480000)
  from space 576K,   0% used [0x04480000, 0x04480000, 0x04510000)
  to   space 576K,   0% used [0x04510000, 0x04510000, 0x045a0000)
 tenured generation   total 11456K, used 9819K [0x19550000, 0x1a080000, 0x44000000)
   the space 11456K,  85% used [0x19550000, 0x19ee6de8, 0x19ee6e00, 0x1a080000)
 Metaspace       used 3487K, capacity 3534K, committed 3648K, reserved 4480K
}
Event: 4.758 GC heap before
{Heap before GC invocations=15 (full 1):
 def new generation   total 5184K, used 4608K [0x04000000, 0x045a0000, 0x19550000)
  eden space 4608K, 100% used [0x04000000, 0x04480000, 0x04480000)
  from space 576K,   0% used [0x04480000, 0x04480000, 0x04510000)
  to   space 576K,   0% used [0x04510000, 0x04510000, 0x045a0000)
 tenured generation   total 11456K, used 9819K [0x19550000, 0x1a080000, 0x44000000)
   the space 11456K,  85% used [0x19550000, 0x19ee6de8, 0x19ee6e00, 0x1a080000)
 Metaspace       used 3487K, capacity 3534K, committed 3648K, reserved 4480K
Event: 4.768 GC heap after
Heap after GC invocations=16 (full 1):
 def new generation   total 5184K, used 576K [0x04000000, 0x045a0000, 0x19550000)
  eden space 4608K,   0% used [0x04000000, 0x04000000, 0x04480000)
  from space 576K, 100% used [0x04510000, 0x045a0000, 0x045a0000)
  to   space 576K,   0% used [0x04480000, 0x04480000, 0x04510000)
 tenured generation   total 11456K, used 10206K [0x19550000, 0x1a080000, 0x44000000)
   the space 11456K,  89% used [0x19550000, 0x19f47ba0, 0x19f47c00, 0x1a080000)
 Metaspace       used 3487K, capacity 3534K, committed 3648K, reserved 4480K
}
Event: 4.853 GC heap before
{Heap before GC invocations=16 (full 1):
 def new generation   total 5184K, used 5184K [0x04000000, 0x045a0000, 0x19550000)
  eden space 4608K, 100% used [0x04000000, 0x04480000, 0x04480000)
  from space 576K, 100% used [0x04510000, 0x045a0000, 0x045a0000)
  to   space 576K,   0% used [0x04480000, 0x04480000, 0x04510000)
 tenured generation   total 11456K, used 10206K [0x19550000, 0x1a080000, 0x44000000)
   the space 11456K,  89% used [0x19550000, 0x19f47ba0, 0x19f47c00, 0x1a080000)
 Metaspace       used 3487K, capacity 3534K, committed 3648K, reserved 4480K
Event: 4.863 GC heap after
Heap after GC invocations=17 (full 1):
 def new generation   total 5184K, used 576K [0x04000000, 0x045a0000, 0x19550000)
  eden space 4608K,   0% used [0x04000000, 0x04000000, 0x04480000)
  from space 576K, 100% used [0x04480000, 0x04510000, 0x04510000)
  to   space 576K,   0% used [0x04510000, 0x04510000, 0x045a0000)
 tenured generation   total 11456K, used 10551K [0x19550000, 0x1a080000, 0x44000000)
   the space 11456K,  92% used [0x19550000, 0x19f9dda8, 0x19f9de00, 0x1a080000)
 Metaspace       used 3487K, capacity 3534K, committed 3648K, reserved 4480K
}
Event: 4.912 GC heap before
{Heap before GC invocations=17 (full 1):
 def new generation   total 5184K, used 5184K [0x04000000, 0x045a0000, 0x19550000)
  eden space 4608K, 100% used [0x04000000, 0x04480000, 0x04480000)
  from space 576K, 100% used [0x04480000, 0x04510000, 0x04510000)
  to   space 576K,   0% used [0x04510000, 0x04510000, 0x045a0000)
 tenured generation   total 11456K, used 10551K [0x19550000, 0x1a080000, 0x44000000)
   the space 11456K,  92% used [0x19550000, 0x19f9dda8, 0x19f9de00, 0x1a080000)
 Metaspace       used 3487K, capacity 3534K, committed 3648K, reserved 4480K
Event: 4.923 GC heap after
Heap after GC invocations=18 (full 1):
 def new generation   total 5184K, used 575K [0x04000000, 0x045a0000, 0x19550000)
  eden space 4608K,   0% used [0x04000000, 0x04000000, 0x04480000)
  from space 576K,  99% used [0x04510000, 0x0459fff8, 0x045a0000)
  to   space 576K,   0% used [0x04480000, 0x04480000, 0x04510000)
 tenured generation   total 11456K, used 11366K [0x19550000, 0x1a080000, 0x44000000)
   the space 11456K,  99% used [0x19550000, 0x1a069968, 0x1a069a00, 0x1a080000)
 Metaspace       used 3487K, capacity 3534K, committed 3648K, reserved 4480K
}
Event: 5.040 GC heap before
{Heap before GC invocations=18 (full 1):
 def new generation   total 5184K, used 5183K [0x04000000, 0x045a0000, 0x19550000)
  eden space 4608K, 100% used [0x04000000, 0x04480000, 0x04480000)
  from space 576K,  99% used [0x04510000, 0x0459fff8, 0x045a0000)
  to   space 576K,   0% used [0x04480000, 0x04480000, 0x04510000)
 tenured generation   total 11456K, used 11366K [0x19550000, 0x1a080000, 0x44000000)
   the space 11456K,  99% used [0x19550000, 0x1a069968, 0x1a069a00, 0x1a080000)
 Metaspace       used 3487K, capacity 3534K, committed 3648K, reserved 4480K

