# JRE version: Java(TM) SE Runtime Environment (8.0_144-b01) (build 1.8.0_144-b01)
# Java VM: Java HotSpot(TM) Client VM (25.144-b01 mixed mode windows-x86 )
Heap:
 def new generation   total 39360K, used 39360K [0x03e00000, 0x068b0000, 0x19350000)
  eden space 35008K, 100% used [0x03e00000, 0x06030000, 0x06030000)
  from space 4352K, 100% used [0x06030000, 0x06470000, 0x06470000)
  to   space 4352K, 100% used [0x06470000, 0x068b0000, 0x068b0000)
 tenured generation   total 124964K, used 124914K [0x19350000, 0x20d59000, 0x43e00000)
   the space 124964K,  99% used [0x19350000, 0x20d4c890, 0x20d4ca00, 0x20d59000)
 Metaspace       used 3384K, capacity 3494K, committed 3520K, reserved 4480K
GC Heap History (10 events):
Event: 11.661 GC heap after
Heap after GC invocations=40 (full 10):
 def new generation   total 39360K, used 4352K [0x03e00000, 0x068b0000, 0x19350000)
  eden space 35008K,   0% used [0x03e00000, 0x03e00000, 0x06030000)
  from space 4352K, 100% used [0x06470000, 0x068b0000, 0x068b0000)
  to   space 4352K,   0% used [0x06030000, 0x06030000, 0x06470000)
 tenured generation   total 115156K, used 91716K [0x19350000, 0x203c5000, 0x43e00000)
   the space 115156K,  79% used [0x19350000, 0x1ece1250, 0x1ece1400, 0x203c5000)
 Metaspace       used 3370K, capacity 3462K, committed 3520K, reserved 4480K
}
Event: 11.921 GC heap before
{Heap before GC invocations=40 (full 10):
 def new generation   total 39360K, used 39360K [0x03e00000, 0x068b0000, 0x19350000)
  eden space 35008K, 100% used [0x03e00000, 0x06030000, 0x06030000)
  from space 4352K, 100% used [0x06470000, 0x068b0000, 0x068b0000)
  to   space 4352K,   0% used [0x06030000, 0x06030000, 0x06470000)
 tenured generation   total 115156K, used 91716K [0x19350000, 0x203c5000, 0x43e00000)
   the space 115156K,  79% used [0x19350000, 0x1ece1250, 0x1ece1400, 0x203c5000)
 Metaspace       used 3370K, capacity 3462K, committed 3520K, reserved 4480K
Event: 12.019 GC heap after
Heap after GC invocations=41 (full 10):
 def new generation   total 39360K, used 4352K [0x03e00000, 0x068b0000, 0x19350000)
  eden space 35008K,   0% used [0x03e00000, 0x03e00000, 0x06030000)
  from space 4352K, 100% used [0x06030000, 0x06470000, 0x06470000)
  to   space 4352K,   0% used [0x06470000, 0x06470000, 0x068b0000)
 tenured generation   total 115156K, used 104742K [0x19350000, 0x203c5000, 0x43e00000)
   the space 115156K,  90% used [0x19350000, 0x1f999a80, 0x1f999c00, 0x203c5000)
 Metaspace       used 3370K, capacity 3462K, committed 3520K, reserved 4480K
}
Event: 12.173 GC heap before
{Heap before GC invocations=41 (full 10):
 def new generation   total 39360K, used 39360K [0x03e00000, 0x068b0000, 0x19350000)
  eden space 35008K, 100% used [0x03e00000, 0x06030000, 0x06030000)
  from space 4352K, 100% used [0x06030000, 0x06470000, 0x06470000)
  to   space 4352K,   0% used [0x06470000, 0x06470000, 0x068b0000)
 tenured generation   total 115156K, used 104742K [0x19350000, 0x203c5000, 0x43e00000)
   the space 115156K,  90% used [0x19350000, 0x1f999a80, 0x1f999c00, 0x203c5000)
 Metaspace       used 3370K, capacity 3462K, committed 3520K, reserved 4480K
Event: 12.912 GC heap after
Heap after GC invocations=42 (full 11):
 def new generation   total 39360K, used 0K [0x03e00000, 0x068b0000, 0x19350000)
  eden space 35008K,   0% used [0x03e00000, 0x03e00000, 0x06030000)
  from space 4352K,   0% used [0x06470000, 0x06470000, 0x068b0000)
  to   space 4352K,   0% used [0x06030000, 0x06030000, 0x06470000)
 tenured generation   total 117972K, used 91847K [0x19350000, 0x20685000, 0x43e00000)
   the space 117972K,  77% used [0x19350000, 0x1ed01c38, 0x1ed01e00, 0x20685000)
 Metaspace       used 3370K, capacity 3462K, committed 3520K, reserved 4480K
}
Event: 13.112 GC heap before
{Heap before GC invocations=42 (full 11):
 def new generation   total 39360K, used 35008K [0x03e00000, 0x068b0000, 0x19350000)
  eden space 35008K, 100% used [0x03e00000, 0x06030000, 0x06030000)
  from space 4352K,   0% used [0x06470000, 0x06470000, 0x068b0000)
  to   space 4352K,   0% used [0x06030000, 0x06030000, 0x06470000)
 tenured generation   total 117972K, used 91847K [0x19350000, 0x20685000, 0x43e00000)
   the space 117972K,  77% used [0x19350000, 0x1ed01c38, 0x1ed01e00, 0x20685000)
 Metaspace       used 3370K, capacity 3462K, committed 3520K, reserved 4480K
Event: 13.185 GC heap after
Heap after GC invocations=43 (full 11):
 def new generation   total 39360K, used 4352K [0x03e00000, 0x068b0000, 0x19350000)
  eden space 35008K,   0% used [0x03e00000, 0x03e00000, 0x06030000)
  from space 4352K, 100% used [0x06030000, 0x06470000, 0x06470000)
  to   space 4352K,   0% used [0x06470000, 0x06470000, 0x068b0000)
 tenured generation   total 117972K, used 101192K [0x19350000, 0x20685000, 0x43e00000)
   the space 117972K,  85% used [0x19350000, 0x1f6221d8, 0x1f622200, 0x20685000)
 Metaspace       used 3370K, capacity 3462K, committed 3520K, reserved 4480K
}
Event: 13.367 GC heap before
{Heap before GC invocations=43 (full 11):
 def new generation   total 39360K, used 39360K [0x03e00000, 0x068b0000, 0x19350000)
  eden space 35008K, 100% used [0x03e00000, 0x06030000, 0x06030000)
  from space 4352K, 100% used [0x06030000, 0x06470000, 0x06470000)
  to   space 4352K,   0% used [0x06470000, 0x06470000, 0x068b0000)
 tenured generation   total 117972K, used 101192K [0x19350000, 0x20685000, 0x43e00000)
   the space 117972K,  85% used [0x19350000, 0x1f6221d8, 0x1f622200, 0x20685000)
 Metaspace       used 3370K, capacity 3462K, committed 3520K, reserved 4480K
Event: 13.448 GC heap after
Heap after GC invocations=44 (full 11):
 def new generation   total 39360K, used 4352K [0x03e00000, 0x068b0000, 0x19350000)
  eden space 35008K,   0% used [0x03e00000, 0x03e00000, 0x06030000)
  from space 4352K, 100% used [0x06470000, 0x068b0000, 0x068b0000)
  to   space 4352K,   0% used [0x06030000, 0x06030000, 0x06470000)
 tenured generation   total 117972K, used 113969K [0x19350000, 0x20685000, 0x43e00000)
   the space 117972K,  96% used [0x19350000, 0x2029c590, 0x2029c600, 0x20685000)
 Metaspace       used 3370K, capacity 3462K, committed 3520K, reserved 4480K
}
Event: 13.661 GC heap before
{Heap before GC invocations=44 (full 11):
 def new generation   total 39360K, used 39360K [0x03e00000, 0x068b0000, 0x19350000)
  eden space 35008K, 100% used [0x03e00000, 0x06030000, 0x06030000)
  from space 4352K, 100% used [0x06470000, 0x068b0000, 0x068b0000)
  to   space 4352K,   0% used [0x06030000, 0x06030000, 0x06470000)
 tenured generation   total 117972K, used 113969K [0x19350000, 0x20685000, 0x43e00000)
   the space 117972K,  96% used [0x19350000, 0x2029c590, 0x2029c600, 0x20685000)
 Metaspace       used 3384K, capacity 3494K, committed 3520K, reserved 4480K

