# JRE version: Java(TM) SE Runtime Environment (8.0_144-b01) (build 1.8.0_144-b01)
# Java VM: Java HotSpot(TM) Client VM (25.144-b01 mixed mode windows-x86 )
Heap:
 def new generation   total 32000K, used 32000K [0x04400000, 0x066b0000, 0x19950000)
  eden space 28480K, 100% used [0x04400000, 0x05fd0000, 0x05fd0000)
  from space 3520K, 100% used [0x05fd0000, 0x06340000, 0x06340000)
  to   space 3520K, 100% used [0x06340000, 0x066b0000, 0x066b0000)
 tenured generation   total 81744K, used 81743K [0x19950000, 0x1e924000, 0x44400000)
   the space 81744K,  99% used [0x19950000, 0x1e923e90, 0x1e924000, 0x1e924000)
 Metaspace       used 3362K, capacity 3462K, committed 3520K, reserved 4480K
GC Heap History (10 events):
Event: 13.535 GC heap after
Heap after GC invocations=31 (full 8):
 def new generation   total 32000K, used 3520K [0x04400000, 0x066b0000, 0x19950000)
  eden space 28480K,   0% used [0x04400000, 0x04400000, 0x05fd0000)
  from space 3520K, 100% used [0x06340000, 0x066b0000, 0x066b0000)
  to   space 3520K,   0% used [0x05fd0000, 0x05fd0000, 0x06340000)
 tenured generation   total 70952K, used 47510K [0x19950000, 0x1de9a000, 0x44400000)
   the space 70952K,  66% used [0x19950000, 0x1c7b58d0, 0x1c7b5a00, 0x1de9a000)
 Metaspace       used 3362K, capacity 3462K, committed 3520K, reserved 4480K
}
Event: 13.881 GC heap before
{Heap before GC invocations=31 (full 8):
 def new generation   total 32000K, used 32000K [0x04400000, 0x066b0000, 0x19950000)
  eden space 28480K, 100% used [0x04400000, 0x05fd0000, 0x05fd0000)
  from space 3520K, 100% used [0x06340000, 0x066b0000, 0x066b0000)
  to   space 3520K,   0% used [0x05fd0000, 0x05fd0000, 0x06340000)
 tenured generation   total 70952K, used 47510K [0x19950000, 0x1de9a000, 0x44400000)
   the space 70952K,  66% used [0x19950000, 0x1c7b58d0, 0x1c7b5a00, 0x1de9a000)
 Metaspace       used 3362K, capacity 3462K, committed 3520K, reserved 4480K
Event: 13.962 GC heap after
Heap after GC invocations=32 (full 8):
 def new generation   total 32000K, used 3520K [0x04400000, 0x066b0000, 0x19950000)
  eden space 28480K,   0% used [0x04400000, 0x04400000, 0x05fd0000)
  from space 3520K, 100% used [0x05fd0000, 0x06340000, 0x06340000)
  to   space 3520K,   0% used [0x06340000, 0x06340000, 0x066b0000)
 tenured generation   total 70952K, used 57954K [0x19950000, 0x1de9a000, 0x44400000)
   the space 70952K,  81% used [0x19950000, 0x1d1e8840, 0x1d1e8a00, 0x1de9a000)
 Metaspace       used 3362K, capacity 3462K, committed 3520K, reserved 4480K
}
Event: 14.208 GC heap before
{Heap before GC invocations=32 (full 8):
 def new generation   total 32000K, used 32000K [0x04400000, 0x066b0000, 0x19950000)
  eden space 28480K, 100% used [0x04400000, 0x05fd0000, 0x05fd0000)
  from space 3520K, 100% used [0x05fd0000, 0x06340000, 0x06340000)
  to   space 3520K,   0% used [0x06340000, 0x06340000, 0x066b0000)
 tenured generation   total 70952K, used 57954K [0x19950000, 0x1de9a000, 0x44400000)
   the space 70952K,  81% used [0x19950000, 0x1d1e8840, 0x1d1e8a00, 0x1de9a000)
 Metaspace       used 3362K, capacity 3462K, committed 3520K, reserved 4480K
Event: 14.318 GC heap after
Heap after GC invocations=33 (full 8):
 def new generation   total 32000K, used 3520K [0x04400000, 0x066b0000, 0x19950000)
  eden space 28480K,   0% used [0x04400000, 0x04400000, 0x05fd0000)
  from space 3520K, 100% used [0x06340000, 0x066b0000, 0x066b0000)
  to   space 3520K,   0% used [0x05fd0000, 0x05fd0000, 0x06340000)
 tenured generation   total 70952K, used 69074K [0x19950000, 0x1de9a000, 0x44400000)
   the space 70952K,  97% used [0x19950000, 0x1dcc4a00, 0x1dcc4a00, 0x1de9a000)
 Metaspace       used 3362K, capacity 3462K, committed 3520K, reserved 4480K
}
Event: 14.527 GC heap before
{Heap before GC invocations=33 (full 8):
 def new generation   total 32000K, used 32000K [0x04400000, 0x066b0000, 0x19950000)
  eden space 28480K, 100% used [0x04400000, 0x05fd0000, 0x05fd0000)
  from space 3520K, 100% used [0x06340000, 0x066b0000, 0x066b0000)
  to   space 3520K,   0% used [0x05fd0000, 0x05fd0000, 0x06340000)
 tenured generation   total 70952K, used 69074K [0x19950000, 0x1de9a000, 0x44400000)
   the space 70952K,  97% used [0x19950000, 0x1dcc4a00, 0x1dcc4a00, 0x1de9a000)
 Metaspace       used 3362K, capacity 3462K, committed 3520K, reserved 4480K
Event: 15.097 GC heap after
Heap after GC invocations=34 (full 9):
 def new generation   total 32000K, used 0K [0x04400000, 0x066b0000, 0x19950000)
  eden space 28480K,   0% used [0x04400000, 0x04400000, 0x05fd0000)
  from space 3520K,   0% used [0x05fd0000, 0x05fd0000, 0x06340000)
  to   space 3520K,   0% used [0x06340000, 0x06340000, 0x066b0000)
 tenured generation   total 78200K, used 63268K [0x19950000, 0x1e5ae000, 0x44400000)
   the space 78200K,  80% used [0x19950000, 0x1d7193a8, 0x1d719400, 0x1e5ae000)
 Metaspace       used 3362K, capacity 3462K, committed 3520K, reserved 4480K
}
Event: 15.677 GC heap before
{Heap before GC invocations=34 (full 9):
 def new generation   total 32000K, used 28480K [0x04400000, 0x066b0000, 0x19950000)
  eden space 28480K, 100% used [0x04400000, 0x05fd0000, 0x05fd0000)
  from space 3520K,   0% used [0x05fd0000, 0x05fd0000, 0x06340000)
  to   space 3520K,   0% used [0x06340000, 0x06340000, 0x066b0000)
 tenured generation   total 78200K, used 63268K [0x19950000, 0x1e5ae000, 0x44400000)
   the space 78200K,  80% used [0x19950000, 0x1d7193a8, 0x1d719400, 0x1e5ae000)
 Metaspace       used 3362K, capacity 3462K, committed 3520K, reserved 4480K
Event: 15.744 GC heap after
Heap after GC invocations=35 (full 9):
 def new generation   total 32000K, used 3520K [0x04400000, 0x066b0000, 0x19950000)
  eden space 28480K,   0% used [0x04400000, 0x04400000, 0x05fd0000)
  from space 3520K, 100% used [0x06340000, 0x066b0000, 0x066b0000)
  to   space 3520K,   0% used [0x05fd0000, 0x05fd0000, 0x06340000)
 tenured generation   total 78200K, used 70265K [0x19950000, 0x1e5ae000, 0x44400000)
   the space 78200K,  89% used [0x19950000, 0x1ddee7c0, 0x1ddee800, 0x1e5ae000)
 Metaspace       used 3362K, capacity 3462K, committed 3520K, reserved 4480K
}
Event: 16.974 GC heap before
{Heap before GC invocations=35 (full 9):
 def new generation   total 32000K, used 32000K [0x04400000, 0x066b0000, 0x19950000)
  eden space 28480K, 100% used [0x04400000, 0x05fd0000, 0x05fd0000)
  from space 3520K, 100% used [0x06340000, 0x066b0000, 0x066b0000)
  to   space 3520K,   0% used [0x05fd0000, 0x05fd0000, 0x06340000)
 tenured generation   total 78200K, used 70265K [0x19950000, 0x1e5ae000, 0x44400000)
   the space 78200K,  89% used [0x19950000, 0x1ddee7c0, 0x1ddee800, 0x1e5ae000)
 Metaspace       used 3362K, capacity 3462K, committed 3520K, reserved 4480K

