# JRE version: Java(TM) SE Runtime Environment (8.0_144-b01) (build 1.8.0_144-b01)
# Java VM: Java HotSpot(TM) Client VM (25.144-b01 mixed mode windows-x86 )
Heap:
 def new generation   total 28352K, used 28352K [0x04400000, 0x062c0000, 0x19950000)
  eden space 25216K, 100% used [0x04400000, 0x05ca0000, 0x05ca0000)
  from space 3136K, 100% used [0x05ca0000, 0x05fb0000, 0x05fb0000)
  to   space 3136K, 100% used [0x05fb0000, 0x062c0000, 0x062c0000)
 tenured generation   total 81040K, used 81004K [0x19950000, 0x1e874000, 0x44400000)
   the space 81040K,  99% used [0x19950000, 0x1e86b2d0, 0x1e86b400, 0x1e874000)
 Metaspace       used 3359K, capacity 3462K, committed 3520K, reserved 4480K
GC Heap History (10 events):
Event: 7.498 GC heap after
Heap after GC invocations=31 (full 7):
 def new generation   total 28352K, used 3136K [0x04400000, 0x062c0000, 0x19950000)
  eden space 25216K,   0% used [0x04400000, 0x04400000, 0x05ca0000)
  from space 3136K, 100% used [0x05fb0000, 0x062c0000, 0x062c0000)
  to   space 3136K,   0% used [0x05ca0000, 0x05ca0000, 0x05fb0000)
 tenured generation   total 71464K, used 53109K [0x19950000, 0x1df1a000, 0x44400000)
   the space 71464K,  74% used [0x19950000, 0x1cd2d650, 0x1cd2d800, 0x1df1a000)
 Metaspace       used 3359K, capacity 3462K, committed 3520K, reserved 4480K
}
Event: 7.661 GC heap before
{Heap before GC invocations=31 (full 7):
 def new generation   total 28352K, used 28352K [0x04400000, 0x062c0000, 0x19950000)
  eden space 25216K, 100% used [0x04400000, 0x05ca0000, 0x05ca0000)
  from space 3136K, 100% used [0x05fb0000, 0x062c0000, 0x062c0000)
  to   space 3136K,   0% used [0x05ca0000, 0x05ca0000, 0x05fb0000)
 tenured generation   total 71464K, used 53109K [0x19950000, 0x1df1a000, 0x44400000)
   the space 71464K,  74% used [0x19950000, 0x1cd2d650, 0x1cd2d800, 0x1df1a000)
 Metaspace       used 3359K, capacity 3462K, committed 3520K, reserved 4480K
Event: 7.743 GC heap after
Heap after GC invocations=32 (full 7):
 def new generation   total 28352K, used 3136K [0x04400000, 0x062c0000, 0x19950000)
  eden space 25216K,   0% used [0x04400000, 0x04400000, 0x05ca0000)
  from space 3136K, 100% used [0x05ca0000, 0x05fb0000, 0x05fb0000)
  to   space 3136K,   0% used [0x05fb0000, 0x05fb0000, 0x062c0000)
 tenured generation   total 71464K, used 64678K [0x19950000, 0x1df1a000, 0x44400000)
   the space 71464K,  90% used [0x19950000, 0x1d8798c0, 0x1d879a00, 0x1df1a000)
 Metaspace       used 3359K, capacity 3462K, committed 3520K, reserved 4480K
}
Event: 7.873 GC heap before
{Heap before GC invocations=32 (full 7):
 def new generation   total 28352K, used 28352K [0x04400000, 0x062c0000, 0x19950000)
  eden space 25216K, 100% used [0x04400000, 0x05ca0000, 0x05ca0000)
  from space 3136K, 100% used [0x05ca0000, 0x05fb0000, 0x05fb0000)
  to   space 3136K,   0% used [0x05fb0000, 0x05fb0000, 0x062c0000)
 tenured generation   total 71464K, used 64678K [0x19950000, 0x1df1a000, 0x44400000)
   the space 71464K,  90% used [0x19950000, 0x1d8798c0, 0x1d879a00, 0x1df1a000)
 Metaspace       used 3359K, capacity 3462K, committed 3520K, reserved 4480K
Event: 8.414 GC heap after
Heap after GC invocations=33 (full 8):
 def new generation   total 28352K, used 0K [0x04400000, 0x062c0000, 0x19950000)
  eden space 25216K,   0% used [0x04400000, 0x04400000, 0x05ca0000)
  from space 3136K,   0% used [0x05fb0000, 0x05fb0000, 0x062c0000)
  to   space 3136K,   0% used [0x05ca0000, 0x05ca0000, 0x05fb0000)
 tenured generation   total 73128K, used 54541K [0x19950000, 0x1e0ba000, 0x44400000)
   the space 73128K,  74% used [0x19950000, 0x1ce936c0, 0x1ce93800, 0x1e0ba000)
 Metaspace       used 3359K, capacity 3462K, committed 3520K, reserved 4480K
}
Event: 8.559 GC heap before
{Heap before GC invocations=33 (full 8):
 def new generation   total 28352K, used 25216K [0x04400000, 0x062c0000, 0x19950000)
  eden space 25216K, 100% used [0x04400000, 0x05ca0000, 0x05ca0000)
  from space 3136K,   0% used [0x05fb0000, 0x05fb0000, 0x062c0000)
  to   space 3136K,   0% used [0x05ca0000, 0x05ca0000, 0x05fb0000)
 tenured generation   total 73128K, used 54541K [0x19950000, 0x1e0ba000, 0x44400000)
   the space 73128K,  74% used [0x19950000, 0x1ce936c0, 0x1ce93800, 0x1e0ba000)
 Metaspace       used 3359K, capacity 3462K, committed 3520K, reserved 4480K
Event: 8.606 GC heap after
Heap after GC invocations=34 (full 8):
 def new generation   total 28352K, used 3136K [0x04400000, 0x062c0000, 0x19950000)
  eden space 25216K,   0% used [0x04400000, 0x04400000, 0x05ca0000)
  from space 3136K, 100% used [0x05ca0000, 0x05fb0000, 0x05fb0000)
  to   space 3136K,   0% used [0x05fb0000, 0x05fb0000, 0x062c0000)
 tenured generation   total 73128K, used 59791K [0x19950000, 0x1e0ba000, 0x44400000)
   the space 73128K,  81% used [0x19950000, 0x1d3b3f78, 0x1d3b4000, 0x1e0ba000)
 Metaspace       used 3359K, capacity 3462K, committed 3520K, reserved 4480K
}
Event: 8.838 GC heap before
{Heap before GC invocations=34 (full 8):
 def new generation   total 28352K, used 28352K [0x04400000, 0x062c0000, 0x19950000)
  eden space 25216K, 100% used [0x04400000, 0x05ca0000, 0x05ca0000)
  from space 3136K, 100% used [0x05ca0000, 0x05fb0000, 0x05fb0000)
  to   space 3136K,   0% used [0x05fb0000, 0x05fb0000, 0x062c0000)
 tenured generation   total 73128K, used 59791K [0x19950000, 0x1e0ba000, 0x44400000)
   the space 73128K,  81% used [0x19950000, 0x1d3b3f78, 0x1d3b4000, 0x1e0ba000)
 Metaspace       used 3359K, capacity 3462K, committed 3520K, reserved 4480K
Event: 8.919 GC heap after
Heap after GC invocations=35 (full 8):
 def new generation   total 28352K, used 3136K [0x04400000, 0x062c0000, 0x19950000)
  eden space 25216K,   0% used [0x04400000, 0x04400000, 0x05ca0000)
  from space 3136K, 100% used [0x05fb0000, 0x062c0000, 0x062c0000)
  to   space 3136K,   0% used [0x05ca0000, 0x05ca0000, 0x05fb0000)
 tenured generation   total 73128K, used 71943K [0x19950000, 0x1e0ba000, 0x44400000)
   the space 73128K,  98% used [0x19950000, 0x1df91f18, 0x1df92000, 0x1e0ba000)
 Metaspace       used 3359K, capacity 3462K, committed 3520K, reserved 4480K
}
Event: 9.162 GC heap before
{Heap before GC invocations=35 (full 8):
 def new generation   total 28352K, used 28352K [0x04400000, 0x062c0000, 0x19950000)
  eden space 25216K, 100% used [0x04400000, 0x05ca0000, 0x05ca0000)
  from space 3136K, 100% used [0x05fb0000, 0x062c0000, 0x062c0000)
  to   space 3136K,   0% used [0x05ca0000, 0x05ca0000, 0x05fb0000)
 tenured generation   total 73128K, used 71943K [0x19950000, 0x1e0ba000, 0x44400000)
   the space 73128K,  98% used [0x19950000, 0x1df91f18, 0x1df92000, 0x1e0ba000)
 Metaspace       used 3359K, capacity 3462K, committed 3520K, reserved 4480K

