# JRE version: Java(TM) SE Runtime Environment (8.0_144-b01) (build 1.8.0_144-b01)
# Java VM: Java HotSpot(TM) Client VM (25.144-b01 mixed mode windows-x86 )
Heap:
 def new generation   total 42368K, used 42368K [0x04000000, 0x06df0000, 0x19550000)
  eden space 37696K, 100% used [0x04000000, 0x064d0000, 0x064d0000)
  from space 4672K, 100% used [0x06960000, 0x06df0000, 0x06df0000)
  to   space 4672K, 100% used [0x064d0000, 0x06960000, 0x06960000)
 tenured generation   total 112672K, used 112624K [0x19550000, 0x20358000, 0x44000000)
   the space 112672K,  99% used [0x19550000, 0x2034c270, 0x2034c400, 0x20358000)
 Metaspace       used 3367K, capacity 3462K, committed 3520K, reserved 4480K
GC Heap History (10 events):
Event: 17.737 GC heap after
Heap after GC invocations=35 (full 8):
 def new generation   total 42368K, used 4672K [0x04000000, 0x06df0000, 0x19550000)
  eden space 37696K,   0% used [0x04000000, 0x04000000, 0x064d0000)
  from space 4672K, 100% used [0x064d0000, 0x06960000, 0x06960000)
  to   space 4672K,   0% used [0x06960000, 0x06960000, 0x06df0000)
 tenured generation   total 93912K, used 78618K [0x19550000, 0x1f106000, 0x44000000)
   the space 93912K,  83% used [0x19550000, 0x1e216b98, 0x1e216c00, 0x1f106000)
 Metaspace       used 3367K, capacity 3462K, committed 3520K, reserved 4480K
}
Event: 17.993 GC heap before
{Heap before GC invocations=35 (full 8):
 def new generation   total 42368K, used 42368K [0x04000000, 0x06df0000, 0x19550000)
  eden space 37696K, 100% used [0x04000000, 0x064d0000, 0x064d0000)
  from space 4672K, 100% used [0x064d0000, 0x06960000, 0x06960000)
  to   space 4672K,   0% used [0x06960000, 0x06960000, 0x06df0000)
 tenured generation   total 93912K, used 78618K [0x19550000, 0x1f106000, 0x44000000)
   the space 93912K,  83% used [0x19550000, 0x1e216b98, 0x1e216c00, 0x1f106000)
 Metaspace       used 3367K, capacity 3462K, committed 3520K, reserved 4480K
Event: 18.087 GC heap after
Heap after GC invocations=36 (full 8):
 def new generation   total 42368K, used 4671K [0x04000000, 0x06df0000, 0x19550000)
  eden space 37696K,   0% used [0x04000000, 0x04000000, 0x064d0000)
  from space 4672K,  99% used [0x06960000, 0x06defff8, 0x06df0000)
  to   space 4672K,   0% used [0x064d0000, 0x064d0000, 0x06960000)
 tenured generation   total 93912K, used 91356K [0x19550000, 0x1f106000, 0x44000000)
   the space 93912K,  97% used [0x19550000, 0x1ee87110, 0x1ee87200, 0x1f106000)
 Metaspace       used 3367K, capacity 3462K, committed 3520K, reserved 4480K
}
Event: 18.232 GC heap before
{Heap before GC invocations=36 (full 8):
 def new generation   total 42368K, used 42367K [0x04000000, 0x06df0000, 0x19550000)
  eden space 37696K, 100% used [0x04000000, 0x064d0000, 0x064d0000)
  from space 4672K,  99% used [0x06960000, 0x06defff8, 0x06df0000)
  to   space 4672K,   0% used [0x064d0000, 0x064d0000, 0x06960000)
 tenured generation   total 93912K, used 91356K [0x19550000, 0x1f106000, 0x44000000)
   the space 93912K,  97% used [0x19550000, 0x1ee87110, 0x1ee87200, 0x1f106000)
 Metaspace       used 3367K, capacity 3462K, committed 3520K, reserved 4480K
Event: 18.905 GC heap after
Heap after GC invocations=37 (full 9):
 def new generation   total 42368K, used 0K [0x04000000, 0x06df0000, 0x19550000)
  eden space 37696K,   0% used [0x04000000, 0x04000000, 0x064d0000)
  from space 4672K,   0% used [0x064d0000, 0x064d0000, 0x06960000)
  to   space 4672K,   0% used [0x06960000, 0x06960000, 0x06df0000)
 tenured generation   total 106072K, used 75465K [0x19550000, 0x1fce6000, 0x44000000)
   the space 106072K,  71% used [0x19550000, 0x1df02518, 0x1df02600, 0x1fce6000)
 Metaspace       used 3367K, capacity 3462K, committed 3520K, reserved 4480K
}
Event: 19.180 GC heap before
{Heap before GC invocations=37 (full 9):
 def new generation   total 42368K, used 37696K [0x04000000, 0x06df0000, 0x19550000)
  eden space 37696K, 100% used [0x04000000, 0x064d0000, 0x064d0000)
  from space 4672K,   0% used [0x064d0000, 0x064d0000, 0x06960000)
  to   space 4672K,   0% used [0x06960000, 0x06960000, 0x06df0000)
 tenured generation   total 106072K, used 75465K [0x19550000, 0x1fce6000, 0x44000000)
   the space 106072K,  71% used [0x19550000, 0x1df02518, 0x1df02600, 0x1fce6000)
 Metaspace       used 3367K, capacity 3462K, committed 3520K, reserved 4480K
Event: 19.273 GC heap after
Heap after GC invocations=38 (full 9):
 def new generation   total 42368K, used 4671K [0x04000000, 0x06df0000, 0x19550000)
  eden space 37696K,   0% used [0x04000000, 0x04000000, 0x064d0000)
  from space 4672K,  99% used [0x06960000, 0x06defff8, 0x06df0000)
  to   space 4672K,   0% used [0x064d0000, 0x064d0000, 0x06960000)
 tenured generation   total 106072K, used 86605K [0x19550000, 0x1fce6000, 0x44000000)
   the space 106072K,  81% used [0x19550000, 0x1e9e3760, 0x1e9e3800, 0x1fce6000)
 Metaspace       used 3367K, capacity 3462K, committed 3520K, reserved 4480K
}
Event: 19.443 GC heap before
{Heap before GC invocations=38 (full 9):
 def new generation   total 42368K, used 42367K [0x04000000, 0x06df0000, 0x19550000)
  eden space 37696K, 100% used [0x04000000, 0x064d0000, 0x064d0000)
  from space 4672K,  99% used [0x06960000, 0x06defff8, 0x06df0000)
  to   space 4672K,   0% used [0x064d0000, 0x064d0000, 0x06960000)
 tenured generation   total 106072K, used 86605K [0x19550000, 0x1fce6000, 0x44000000)
   the space 106072K,  81% used [0x19550000, 0x1e9e3760, 0x1e9e3800, 0x1fce6000)
 Metaspace       used 3367K, capacity 3462K, committed 3520K, reserved 4480K
Event: 19.526 GC heap after
Heap after GC invocations=39 (full 9):
 def new generation   total 42368K, used 4672K [0x04000000, 0x06df0000, 0x19550000)
  eden space 37696K,   0% used [0x04000000, 0x04000000, 0x064d0000)
  from space 4672K, 100% used [0x064d0000, 0x06960000, 0x06960000)
  to   space 4672K,   0% used [0x06960000, 0x06960000, 0x06df0000)
 tenured generation   total 106072K, used 101536K [0x19550000, 0x1fce6000, 0x44000000)
   the space 106072K,  95% used [0x19550000, 0x1f878178, 0x1f878200, 0x1fce6000)
 Metaspace       used 3367K, capacity 3462K, committed 3520K, reserved 4480K
}
Event: 19.791 GC heap before
{Heap before GC invocations=39 (full 9):
 def new generation   total 42368K, used 42368K [0x04000000, 0x06df0000, 0x19550000)
  eden space 37696K, 100% used [0x04000000, 0x064d0000, 0x064d0000)
  from space 4672K, 100% used [0x064d0000, 0x06960000, 0x06960000)
  to   space 4672K,   0% used [0x06960000, 0x06960000, 0x06df0000)
 tenured generation   total 106072K, used 101536K [0x19550000, 0x1fce6000, 0x44000000)
   the space 106072K,  95% used [0x19550000, 0x1f878178, 0x1f878200, 0x1fce6000)
 Metaspace       used 3367K, capacity 3462K, committed 3520K, reserved 4480K

