# JRE version: Java(TM) SE Runtime Environment (8.0_144-b01) (build 1.8.0_144-b01)
# Java VM: Java HotSpot(TM) Client VM (25.144-b01 mixed mode windows-x86 )
Heap:
 def new generation   total 35648K, used 11945K [0x03e00000, 0x064a0000, 0x19350000)
  eden space 31744K,  37% used [0x03e00000, 0x049aa728, 0x05d00000)
  from space 3904K,   0% used [0x060d0000, 0x060d0000, 0x064a0000)
  to   space 3904K,   0% used [0x05d00000, 0x05d00000, 0x060d0000)
 tenured generation   total 90840K, used 69668K [0x19350000, 0x1ec06000, 0x43e00000)
   the space 90840K,  76% used [0x19350000, 0x1d759348, 0x1d759400, 0x1ec06000)
 Metaspace       used 3352K, capacity 3462K, committed 3520K, reserved 4480K
GC Heap History (10 events):
Event: 14.094 GC heap before
{Heap before GC invocations=30 (full 7):
 def new generation   total 35648K, used 35648K [0x03e00000, 0x064a0000, 0x19350000)
  eden space 31744K, 100% used [0x03e00000, 0x05d00000, 0x05d00000)
  from space 3904K, 100% used [0x05d00000, 0x060d0000, 0x060d0000)
  to   space 3904K,   0% used [0x060d0000, 0x060d0000, 0x064a0000)
 tenured generation   total 79044K, used 66903K [0x19350000, 0x1e081000, 0x43e00000)
   the space 79044K,  84% used [0x19350000, 0x1d4a5ef0, 0x1d4a6000, 0x1e081000)
 Metaspace       used 3352K, capacity 3462K, committed 3520K, reserved 4480K
Event: 14.194 GC heap after
Heap after GC invocations=31 (full 7):
 def new generation   total 35648K, used 3904K [0x03e00000, 0x064a0000, 0x19350000)
  eden space 31744K,   0% used [0x03e00000, 0x03e00000, 0x05d00000)
  from space 3904K, 100% used [0x060d0000, 0x064a0000, 0x064a0000)
  to   space 3904K,   0% used [0x05d00000, 0x05d00000, 0x060d0000)
 tenured generation   total 79044K, used 77902K [0x19350000, 0x1e081000, 0x43e00000)
   the space 79044K,  98% used [0x19350000, 0x1df638e0, 0x1df63a00, 0x1e081000)
 Metaspace       used 3352K, capacity 3462K, committed 3520K, reserved 4480K
}
Event: 14.664 GC heap before
{Heap before GC invocations=31 (full 7):
 def new generation   total 35648K, used 35648K [0x03e00000, 0x064a0000, 0x19350000)
  eden space 31744K, 100% used [0x03e00000, 0x05d00000, 0x05d00000)
  from space 3904K, 100% used [0x060d0000, 0x064a0000, 0x064a0000)
  to   space 3904K,   0% used [0x05d00000, 0x05d00000, 0x060d0000)
 tenured generation   total 79044K, used 77902K [0x19350000, 0x1e081000, 0x43e00000)
   the space 79044K,  98% used [0x19350000, 0x1df638e0, 0x1df63a00, 0x1e081000)
 Metaspace       used 3352K, capacity 3462K, committed 3520K, reserved 4480K
Event: 15.353 GC heap after
Heap after GC invocations=32 (full 8):
 def new generation   total 35648K, used 0K [0x03e00000, 0x064a0000, 0x19350000)
  eden space 31744K,   0% used [0x03e00000, 0x03e00000, 0x05d00000)
  from space 3904K,   0% used [0x05d00000, 0x05d00000, 0x060d0000)
  to   space 3904K,   0% used [0x060d0000, 0x060d0000, 0x064a0000)
 tenured generation   total 86724K, used 56183K [0x19350000, 0x1e801000, 0x43e00000)
   the space 86724K,  64% used [0x19350000, 0x1ca2dd58, 0x1ca2de00, 0x1e801000)
 Metaspace       used 3352K, capacity 3462K, committed 3520K, reserved 4480K
}
Event: 16.073 GC heap before
{Heap before GC invocations=32 (full 8):
 def new generation   total 35648K, used 31744K [0x03e00000, 0x064a0000, 0x19350000)
  eden space 31744K, 100% used [0x03e00000, 0x05d00000, 0x05d00000)
  from space 3904K,   0% used [0x05d00000, 0x05d00000, 0x060d0000)
  to   space 3904K,   0% used [0x060d0000, 0x060d0000, 0x064a0000)
 tenured generation   total 86724K, used 56183K [0x19350000, 0x1e801000, 0x43e00000)
   the space 86724K,  64% used [0x19350000, 0x1ca2dd58, 0x1ca2de00, 0x1e801000)
 Metaspace       used 3352K, capacity 3462K, committed 3520K, reserved 4480K
Event: 16.173 GC heap after
Heap after GC invocations=33 (full 8):
 def new generation   total 35648K, used 3904K [0x03e00000, 0x064a0000, 0x19350000)
  eden space 31744K,   0% used [0x03e00000, 0x03e00000, 0x05d00000)
  from space 3904K, 100% used [0x060d0000, 0x064a0000, 0x064a0000)
  to   space 3904K,   0% used [0x05d00000, 0x05d00000, 0x060d0000)
 tenured generation   total 86724K, used 66704K [0x19350000, 0x1e801000, 0x43e00000)
   the space 86724K,  76% used [0x19350000, 0x1d474348, 0x1d474400, 0x1e801000)
 Metaspace       used 3352K, capacity 3462K, committed 3520K, reserved 4480K
}
Event: 16.450 GC heap before
{Heap before GC invocations=33 (full 8):
 def new generation   total 35648K, used 35648K [0x03e00000, 0x064a0000, 0x19350000)
  eden space 31744K, 100% used [0x03e00000, 0x05d00000, 0x05d00000)
  from space 3904K, 100% used [0x060d0000, 0x064a0000, 0x064a0000)
  to   space 3904K,   0% used [0x05d00000, 0x05d00000, 0x060d0000)
 tenured generation   total 86724K, used 66704K [0x19350000, 0x1e801000, 0x43e00000)
   the space 86724K,  76% used [0x19350000, 0x1d474348, 0x1d474400, 0x1e801000)
 Metaspace       used 3352K, capacity 3462K, committed 3520K, reserved 4480K
Event: 16.539 GC heap after
Heap after GC invocations=34 (full 8):
 def new generation   total 35648K, used 3904K [0x03e00000, 0x064a0000, 0x19350000)
  eden space 31744K,   0% used [0x03e00000, 0x03e00000, 0x05d00000)
  from space 3904K, 100% used [0x05d00000, 0x060d0000, 0x060d0000)
  to   space 3904K,   0% used [0x060d0000, 0x060d0000, 0x064a0000)
 tenured generation   total 86724K, used 80294K [0x19350000, 0x1e801000, 0x43e00000)
   the space 86724K,  92% used [0x19350000, 0x1e1b9890, 0x1e1b9a00, 0x1e801000)
 Metaspace       used 3352K, capacity 3462K, committed 3520K, reserved 4480K
}
Event: 17.009 GC heap before
{Heap before GC invocations=34 (full 8):
 def new generation   total 35648K, used 35648K [0x03e00000, 0x064a0000, 0x19350000)
  eden space 31744K, 100% used [0x03e00000, 0x05d00000, 0x05d00000)
  from space 3904K, 100% used [0x05d00000, 0x060d0000, 0x060d0000)
  to   space 3904K,   0% used [0x060d0000, 0x060d0000, 0x064a0000)
 tenured generation   total 86724K, used 80294K [0x19350000, 0x1e801000, 0x43e00000)
   the space 86724K,  92% used [0x19350000, 0x1e1b9890, 0x1e1b9a00, 0x1e801000)
 Metaspace       used 3352K, capacity 3462K, committed 3520K, reserved 4480K
Event: 17.656 GC heap after
Heap after GC invocations=35 (full 9):
 def new generation   total 35648K, used 0K [0x03e00000, 0x064a0000, 0x19350000)
  eden space 31744K,   0% used [0x03e00000, 0x03e00000, 0x05d00000)
  from space 3904K,   0% used [0x060d0000, 0x060d0000, 0x064a0000)
  to   space 3904K,   0% used [0x05d00000, 0x05d00000, 0x060d0000)
 tenured generation   total 90840K, used 69668K [0x19350000, 0x1ec06000, 0x43e00000)
   the space 90840K,  76% used [0x19350000, 0x1d759348, 0x1d759400, 0x1ec06000)
 Metaspace       used 3352K, capacity 3462K, committed 3520K, reserved 4480K
}

