# JRE version: Java(TM) SE Runtime Environment (8.0_144-b01) (build 1.8.0_144-b01)
# Java VM: Java HotSpot(TM) Client VM (25.144-b01 mixed mode windows-x86 )
Heap:
 def new generation   total 4928K, used 4484K [0x03e00000, 0x04350000, 0x19350000)
  eden space 4416K,  89% used [0x03e00000, 0x041e1248, 0x04250000)
  from space 512K, 100% used [0x042d0000, 0x04350000, 0x04350000)
  to   space 512K,   0% used [0x04250000, 0x04250000, 0x042d0000)
 tenured generation   total 10944K, used 3739K [0x19350000, 0x19e00000, 0x43e00000)
   the space 10944K,  34% used [0x19350000, 0x196f6fb8, 0x196f7000, 0x19e00000)
 Metaspace       used 3595K, capacity 3598K, committed 3648K, reserved 4480K
GC Heap History (6 events):
Event: 3.791 GC heap before
{Heap before GC invocations=0 (full 0):
 def new generation   total 4928K, used 4410K [0x03e00000, 0x04350000, 0x19350000)
  eden space 4416K,  99% used [0x03e00000, 0x0424ebb0, 0x04250000)
  from space 512K,   0% used [0x04250000, 0x04250000, 0x042d0000)
  to   space 512K,   0% used [0x042d0000, 0x042d0000, 0x04350000)
 tenured generation   total 10944K, used 0K [0x19350000, 0x19e00000, 0x43e00000)
   the space 10944K,   0% used [0x19350000, 0x19350000, 0x19350200, 0x19e00000)
 Metaspace       used 2701K, capacity 2854K, committed 2880K, reserved 4480K
Event: 3.802 GC heap after
Heap after GC invocations=1 (full 0):
 def new generation   total 4928K, used 512K [0x03e00000, 0x04350000, 0x19350000)
  eden space 4416K,   0% used [0x03e00000, 0x03e00000, 0x04250000)
  from space 512K, 100% used [0x042d0000, 0x04350000, 0x04350000)
  to   space 512K,   0% used [0x04250000, 0x04250000, 0x042d0000)
 tenured generation   total 10944K, used 875K [0x19350000, 0x19e00000, 0x43e00000)
   the space 10944K,   7% used [0x19350000, 0x1942ac20, 0x1942ae00, 0x19e00000)
 Metaspace       used 2701K, capacity 2854K, committed 2880K, reserved 4480K
}
Event: 5.383 GC heap before
{Heap before GC invocations=1 (full 0):
 def new generation   total 4928K, used 4928K [0x03e00000, 0x04350000, 0x19350000)
  eden space 4416K, 100% used [0x03e00000, 0x04250000, 0x04250000)
  from space 512K, 100% used [0x042d0000, 0x04350000, 0x04350000)
  to   space 512K,   0% used [0x04250000, 0x04250000, 0x042d0000)
 tenured generation   total 10944K, used 875K [0x19350000, 0x19e00000, 0x43e00000)
   the space 10944K,   7% used [0x19350000, 0x1942ac20, 0x1942ae00, 0x19e00000)
 Metaspace       used 3294K, capacity 3398K, committed 3520K, reserved 4480K
Event: 5.395 GC heap after
Heap after GC invocations=2 (full 0):
 def new generation   total 4928K, used 512K [0x03e00000, 0x04350000, 0x19350000)
  eden space 4416K,   0% used [0x03e00000, 0x03e00000, 0x04250000)
  from space 512K, 100% used [0x04250000, 0x042d0000, 0x042d0000)
  to   space 512K,   0% used [0x042d0000, 0x042d0000, 0x04350000)
 tenured generation   total 10944K, used 2092K [0x19350000, 0x19e00000, 0x43e00000)
   the space 10944K,  19% used [0x19350000, 0x1955b170, 0x1955b200, 0x19e00000)
 Metaspace       used 3294K, capacity 3398K, committed 3520K, reserved 4480K
}
Event: 6.185 GC heap before
{Heap before GC invocations=2 (full 0):
 def new generation   total 4928K, used 4928K [0x03e00000, 0x04350000, 0x19350000)
  eden space 4416K, 100% used [0x03e00000, 0x04250000, 0x04250000)
  from space 512K, 100% used [0x04250000, 0x042d0000, 0x042d0000)
  to   space 512K,   0% used [0x042d0000, 0x042d0000, 0x04350000)
 tenured generation   total 10944K, used 2092K [0x19350000, 0x19e00000, 0x43e00000)
   the space 10944K,  19% used [0x19350000, 0x1955b170, 0x1955b200, 0x19e00000)
 Metaspace       used 3331K, capacity 3430K, committed 3520K, reserved 4480K
Event: 6.202 GC heap after
Heap after GC invocations=3 (full 0):
 def new generation   total 4928K, used 512K [0x03e00000, 0x04350000, 0x19350000)
  eden space 4416K,   0% used [0x03e00000, 0x03e00000, 0x04250000)
  from space 512K, 100% used [0x042d0000, 0x04350000, 0x04350000)
  to   space 512K,   0% used [0x04250000, 0x04250000, 0x042d0000)
 tenured generation   total 10944K, used 3739K [0x19350000, 0x19e00000, 0x43e00000)
   the space 10944K,  34% used [0x19350000, 0x196f6fb8, 0x196f7000, 0x19e00000)
 Metaspace       used 3331K, capacity 3430K, committed 3520K, reserved 4480K
}

